# JRE version: OpenJDK Runtime Environment (21.0.1+12) (build 21.0.1+12-29)
# Java VM: OpenJDK 64-Bit Server VM (21.0.1+12-29, mixed mode, sharing, tiered, compressed oops, compressed class ptrs, g1 gc, bsd-amd64)
GC Precious Log:
 CardTable entry size: 512
 Card Set container configuration: InlinePtr #cards 5 size 8 Array Of Cards #cards 12 size 40 Howl #buckets 4 coarsen threshold 1843 Howl Bitmap #cards 512 size 80 coarsen threshold 460 Card regions per heap region 1 cards per card region 2048
 CPUs: 4 total, 4 available
 Memory: 4096M
 Large Page Support: Disabled
 NUMA Support: Disabled
 Compressed Oops: Enabled (Zero based)
 Heap Region Size: 1M
 Heap Min Capacity: 8M
 Heap Initial Capacity: 64M
 Heap Max Capacity: 1G
 Pre-touch: Disabled
 Parallel Workers: 4
 Concurrent Workers: 1
 Concurrent Refinement Workers: 4
 Periodic GC: Disabled
Heap:
 garbage-first heap   total 89088K, used 79872K [0x00000007c0000000, 0x0000000800000000)
  region size 1024K, 45 young (46080K), 4 survivors (4096K)
 Metaspace       used 79683K, committed 80512K, reserved 1179648K
  class space    used 11002K, committed 11392K, reserved 1048576K
GC Heap History (20 events):
Event: 7.817 GC heap after
{Heap after GC invocations=8 (full 0):
 garbage-first heap   total 61440K, used 21392K [0x00000007c0000000, 0x0000000800000000)
  region size 1024K, 3 young (3072K), 3 survivors (3072K)
 Metaspace       used 31333K, committed 31808K, reserved 1114112K
  class space    used 3957K, committed 4160K, reserved 1048576K
}
Event: 8.523 GC heap before
{Heap before GC invocations=8 (full 0):
 garbage-first heap   total 61440K, used 37776K [0x00000007c0000000, 0x0000000800000000)
  region size 1024K, 21 young (21504K), 3 survivors (3072K)
 Metaspace       used 35789K, committed 36288K, reserved 1114112K
  class space    used 4602K, committed 4800K, reserved 1048576K
}
Event: 8.533 GC heap after
{Heap after GC invocations=9 (full 0):
 garbage-first heap   total 61440K, used 22365K [0x00000007c0000000, 0x0000000800000000)
  region size 1024K, 2 young (2048K), 2 survivors (2048K)
 Metaspace       used 35789K, committed 36288K, reserved 1114112K
  class space    used 4602K, committed 4800K, reserved 1048576K
}
Event: 10.140 GC heap before
{Heap before GC invocations=10 (full 0):
 garbage-first heap   total 61440K, used 51037K [0x00000007c0000000, 0x0000000800000000)
  region size 1024K, 31 young (31744K), 2 survivors (2048K)
 Metaspace       used 44380K, committed 44928K, reserved 1114112K
  class space    used 5838K, committed 6080K, reserved 1048576K
}
Event: 10.148 GC heap after
{Heap after GC invocations=11 (full 0):
 garbage-first heap   total 61440K, used 24280K [0x00000007c0000000, 0x0000000800000000)
  region size 1024K, 4 young (4096K), 4 survivors (4096K)
 Metaspace       used 44380K, committed 44928K, reserved 1114112K
  class space    used 5838K, committed 6080K, reserved 1048576K
}
Event: 11.155 GC heap before
{Heap before GC invocations=11 (full 0):
 garbage-first heap   total 61440K, used 50904K [0x00000007c0000000, 0x0000000800000000)
  region size 1024K, 31 young (31744K), 4 survivors (4096K)
 Metaspace       used 52334K, committed 52928K, reserved 1114112K
  class space    used 7044K, committed 7296K, reserved 1048576K
}
Event: 11.169 GC heap after
{Heap after GC invocations=12 (full 0):
 garbage-first heap   total 61440K, used 25535K [0x00000007c0000000, 0x0000000800000000)
  region size 1024K, 4 young (4096K), 4 survivors (4096K)
 Metaspace       used 52334K, committed 52928K, reserved 1114112K
  class space    used 7044K, committed 7296K, reserved 1048576K
}
Event: 12.111 GC heap before
{Heap before GC invocations=12 (full 0):
 garbage-first heap   total 61440K, used 52159K [0x00000007c0000000, 0x0000000800000000)
  region size 1024K, 31 young (31744K), 4 survivors (4096K)
 Metaspace       used 58227K, committed 58880K, reserved 1114112K
  class space    used 7820K, committed 8128K, reserved 1048576K
}
Event: 12.122 GC heap after
{Heap after GC invocations=13 (full 0):
 garbage-first heap   total 73728K, used 27118K [0x00000007c0000000, 0x0000000800000000)
  region size 1024K, 4 young (4096K), 4 survivors (4096K)
 Metaspace       used 58227K, committed 58880K, reserved 1114112K
  class space    used 7820K, committed 8128K, reserved 1048576K
}
Event: 12.512 GC heap before
{Heap before GC invocations=13 (full 0):
 garbage-first heap   total 73728K, used 37358K [0x00000007c0000000, 0x0000000800000000)
  region size 1024K, 15 young (15360K), 4 survivors (4096K)
 Metaspace       used 60631K, committed 61248K, reserved 1114112K
  class space    used 8290K, committed 8576K, reserved 1048576K
}
Event: 12.530 GC heap after
{Heap after GC invocations=14 (full 0):
 garbage-first heap   total 73728K, used 28510K [0x00000007c0000000, 0x0000000800000000)
  region size 1024K, 3 young (3072K), 3 survivors (3072K)
 Metaspace       used 60631K, committed 61248K, reserved 1114112K
  class space    used 8290K, committed 8576K, reserved 1048576K
}
Event: 13.563 GC heap before
{Heap before GC invocations=15 (full 0):
 garbage-first heap   total 73728K, used 65374K [0x00000007c0000000, 0x0000000800000000)
  region size 1024K, 39 young (39936K), 3 survivors (3072K)
 Metaspace       used 65107K, committed 65664K, reserved 1114112K
  class space    used 9046K, committed 9280K, reserved 1048576K
}
Event: 13.573 GC heap after
{Heap after GC invocations=16 (full 0):
 garbage-first heap   total 73728K, used 31308K [0x00000007c0000000, 0x0000000800000000)
  region size 1024K, 4 young (4096K), 4 survivors (4096K)
 Metaspace       used 65107K, committed 65664K, reserved 1114112K
  class space    used 9046K, committed 9280K, reserved 1048576K
}
Event: 14.566 GC heap before
{Heap before GC invocations=16 (full 0):
 garbage-first heap   total 73728K, used 64076K [0x00000007c0000000, 0x0000000800000000)
  region size 1024K, 36 young (36864K), 4 survivors (4096K)
 Metaspace       used 68076K, committed 68800K, reserved 1114112K
  class space    used 9433K, committed 9728K, reserved 1048576K
}
Event: 14.577 GC heap after
{Heap after GC invocations=17 (full 0):
 garbage-first heap   total 73728K, used 33496K [0x00000007c0000000, 0x0000000800000000)
  region size 1024K, 5 young (5120K), 5 survivors (5120K)
 Metaspace       used 68076K, committed 68800K, reserved 1114112K
  class space    used 9433K, committed 9728K, reserved 1048576K
}
Event: 15.706 GC heap before
{Heap before GC invocations=17 (full 0):
 garbage-first heap   total 73728K, used 63192K [0x00000007c0000000, 0x0000000800000000)
  region size 1024K, 34 young (34816K), 5 survivors (5120K)
 Metaspace       used 70962K, committed 71744K, reserved 1114112K
  class space    used 9811K, committed 10176K, reserved 1048576K
}
Event: 15.787 GC heap after
{Heap after GC invocations=18 (full 0):
 garbage-first heap   total 73728K, used 36210K [0x00000007c0000000, 0x0000000800000000)
  region size 1024K, 5 young (5120K), 5 survivors (5120K)
 Metaspace       used 70962K, committed 71744K, reserved 1114112K
  class space    used 9811K, committed 10176K, reserved 1048576K
}
Event: 131.247 GC heap before
{Heap before GC invocations=18 (full 0):
 garbage-first heap   total 73728K, used 62834K [0x00000007c0000000, 0x0000000800000000)
  region size 1024K, 31 young (31744K), 5 survivors (5120K)
 Metaspace       used 73650K, committed 74432K, reserved 1114112K
  class space    used 10182K, committed 10496K, reserved 1048576K
}
Event: 131.358 GC heap after
{Heap after GC invocations=19 (full 0):
 garbage-first heap   total 89088K, used 37888K [0x00000007c0000000, 0x0000000800000000)
  region size 1024K, 2 young (2048K), 2 survivors (2048K)
 Metaspace       used 73650K, committed 74432K, reserved 1114112K
  class space    used 10182K, committed 10496K, reserved 1048576K
}
Event: 797.431 GC heap before
{Heap before GC invocations=20 (full 0):
 garbage-first heap   total 89088K, used 78848K [0x00000007c0000000, 0x0000000800000000)
  region size 1024K, 43 young (44032K), 2 survivors (2048K)
 Metaspace       used 79683K, committed 80512K, reserved 1179648K
  class space    used 11002K, committed 11392K, reserved 1048576K
}

