# JRE version: OpenJDK Runtime Environment (21.0.1+12) (build 21.0.1+12-29)
# Java VM: OpenJDK 64-Bit Server VM (21.0.1+12-29, mixed mode, sharing, tiered, compressed oops, compressed class ptrs, g1 gc, bsd-amd64)
GC Precious Log:
 CardTable entry size: 512
 Card Set container configuration: InlinePtr #cards 5 size 8 Array Of Cards #cards 12 size 40 Howl #buckets 4 coarsen threshold 1843 Howl Bitmap #cards 512 size 80 coarsen threshold 460 Card regions per heap region 1 cards per card region 2048
 CPUs: 4 total, 4 available
 Memory: 4096M
 Large Page Support: Disabled
 NUMA Support: Disabled
 Compressed Oops: Enabled (Zero based)
 Heap Region Size: 1M
 Heap Min Capacity: 8M
 Heap Initial Capacity: 64M
 Heap Max Capacity: 1G
 Pre-touch: Disabled
 Parallel Workers: 4
 Concurrent Workers: 1
 Concurrent Refinement Workers: 4
 Periodic GC: Disabled
Heap:
 garbage-first heap   total 73728K, used 64863K [0x00000007c0000000, 0x0000000800000000)
  region size 1024K, 29 young (29696K), 2 survivors (2048K)
 Metaspace       used 78773K, committed 79680K, reserved 1179648K
  class space    used 10909K, committed 11328K, reserved 1048576K
GC Heap History (20 events):
Event: 7.439 GC heap after
{Heap after GC invocations=7 (full 0):
 garbage-first heap   total 61440K, used 17821K [0x00000007c0000000, 0x0000000800000000)
  region size 1024K, 4 young (4096K), 4 survivors (4096K)
 Metaspace       used 26489K, committed 26944K, reserved 1114112K
  class space    used 3299K, committed 3520K, reserved 1048576K
}
Event: 8.503 GC heap before
{Heap before GC invocations=7 (full 0):
 garbage-first heap   total 61440K, used 47517K [0x00000007c0000000, 0x0000000800000000)
  region size 1024K, 34 young (34816K), 4 survivors (4096K)
 Metaspace       used 31269K, committed 31744K, reserved 1114112K
  class space    used 3959K, committed 4160K, reserved 1048576K
}
Event: 8.558 GC heap after
{Heap after GC invocations=8 (full 0):
 garbage-first heap   total 61440K, used 20900K [0x00000007c0000000, 0x0000000800000000)
  region size 1024K, 3 young (3072K), 3 survivors (3072K)
 Metaspace       used 31269K, committed 31744K, reserved 1114112K
  class space    used 3959K, committed 4160K, reserved 1048576K
}
Event: 9.255 GC heap before
{Heap before GC invocations=8 (full 0):
 garbage-first heap   total 61440K, used 37284K [0x00000007c0000000, 0x0000000800000000)
  region size 1024K, 21 young (21504K), 3 survivors (3072K)
 Metaspace       used 35559K, committed 36096K, reserved 1114112K
  class space    used 4575K, committed 4800K, reserved 1048576K
}
Event: 9.264 GC heap after
{Heap after GC invocations=9 (full 0):
 garbage-first heap   total 73728K, used 21923K [0x00000007c0000000, 0x0000000800000000)
  region size 1024K, 2 young (2048K), 2 survivors (2048K)
 Metaspace       used 35559K, committed 36096K, reserved 1114112K
  class space    used 4575K, committed 4800K, reserved 1048576K
}
Event: 11.352 GC heap before
{Heap before GC invocations=10 (full 0):
 garbage-first heap   total 73728K, used 61859K [0x00000007c0000000, 0x0000000800000000)
  region size 1024K, 41 young (41984K), 2 survivors (2048K)
 Metaspace       used 46479K, committed 47104K, reserved 1114112K
  class space    used 6108K, committed 6400K, reserved 1048576K
}
Event: 11.361 GC heap after
{Heap after GC invocations=11 (full 0):
 garbage-first heap   total 73728K, used 24479K [0x00000007c0000000, 0x0000000800000000)
  region size 1024K, 4 young (4096K), 4 survivors (4096K)
 Metaspace       used 46479K, committed 47104K, reserved 1114112K
  class space    used 6108K, committed 6400K, reserved 1048576K
}
Event: 14.214 GC heap before
{Heap before GC invocations=11 (full 0):
 garbage-first heap   total 73728K, used 62367K [0x00000007c0000000, 0x0000000800000000)
  region size 1024K, 42 young (43008K), 4 survivors (4096K)
 Metaspace       used 56799K, committed 57472K, reserved 1114112K
  class space    used 7674K, committed 7936K, reserved 1048576K
}
Event: 14.225 GC heap after
{Heap after GC invocations=12 (full 0):
 garbage-first heap   total 73728K, used 26605K [0x00000007c0000000, 0x0000000800000000)
  region size 1024K, 5 young (5120K), 5 survivors (5120K)
 Metaspace       used 56799K, committed 57472K, reserved 1114112K
  class space    used 7674K, committed 7936K, reserved 1048576K
}
Event: 14.803 GC heap before
{Heap before GC invocations=12 (full 0):
 garbage-first heap   total 73728K, used 41965K [0x00000007c0000000, 0x0000000800000000)
  region size 1024K, 21 young (21504K), 5 survivors (5120K)
 Metaspace       used 60174K, committed 60736K, reserved 1114112K
  class space    used 8148K, committed 8384K, reserved 1048576K
}
Event: 14.815 GC heap after
{Heap after GC invocations=13 (full 0):
 garbage-first heap   total 73728K, used 27910K [0x00000007c0000000, 0x0000000800000000)
  region size 1024K, 4 young (4096K), 4 survivors (4096K)
 Metaspace       used 60174K, committed 60736K, reserved 1114112K
  class space    used 8148K, committed 8384K, reserved 1048576K
}
Event: 15.926 GC heap before
{Heap before GC invocations=14 (full 0):
 garbage-first heap   total 73728K, used 62726K [0x00000007c0000000, 0x0000000800000000)
  region size 1024K, 38 young (38912K), 4 survivors (4096K)
 Metaspace       used 65008K, committed 65600K, reserved 1114112K
  class space    used 9035K, committed 9280K, reserved 1048576K
}
Event: 15.939 GC heap after
{Heap after GC invocations=15 (full 0):
 garbage-first heap   total 73728K, used 30745K [0x00000007c0000000, 0x0000000800000000)
  region size 1024K, 5 young (5120K), 5 survivors (5120K)
 Metaspace       used 65008K, committed 65600K, reserved 1114112K
  class space    used 9035K, committed 9280K, reserved 1048576K
}
Event: 16.949 GC heap before
{Heap before GC invocations=15 (full 0):
 garbage-first heap   total 73728K, used 62489K [0x00000007c0000000, 0x0000000800000000)
  region size 1024K, 36 young (36864K), 5 survivors (5120K)
 Metaspace       used 67083K, committed 67776K, reserved 1114112K
  class space    used 9293K, committed 9600K, reserved 1048576K
}
Event: 16.965 GC heap after
{Heap after GC invocations=16 (full 0):
 garbage-first heap   total 73728K, used 32373K [0x00000007c0000000, 0x0000000800000000)
  region size 1024K, 2 young (2048K), 2 survivors (2048K)
 Metaspace       used 67083K, committed 67776K, reserved 1114112K
  class space    used 9293K, committed 9600K, reserved 1048576K
}
Event: 18.145 GC heap before
{Heap before GC invocations=16 (full 0):
 garbage-first heap   total 73728K, used 64117K [0x00000007c0000000, 0x0000000800000000)
  region size 1024K, 33 young (33792K), 2 survivors (2048K)
 Metaspace       used 70265K, committed 70912K, reserved 1114112K
  class space    used 9754K, committed 10048K, reserved 1048576K
}
Event: 18.159 GC heap after
{Heap after GC invocations=17 (full 0):
 garbage-first heap   total 73728K, used 35147K [0x00000007c0000000, 0x0000000800000000)
  region size 1024K, 5 young (5120K), 5 survivors (5120K)
 Metaspace       used 70265K, committed 70912K, reserved 1114112K
  class space    used 9754K, committed 10048K, reserved 1048576K
}
Event: 38.019 GC heap before
{Heap before GC invocations=17 (full 0):
 garbage-first heap   total 73728K, used 61771K [0x00000007c0000000, 0x0000000800000000)
  region size 1024K, 32 young (32768K), 5 survivors (5120K)
 Metaspace       used 74168K, committed 74944K, reserved 1114112K
  class space    used 10289K, committed 10688K, reserved 1048576K
}
Event: 38.046 GC heap after
{Heap after GC invocations=18 (full 0):
 garbage-first heap   total 73728K, used 37215K [0x00000007c0000000, 0x0000000800000000)
  region size 1024K, 3 young (3072K), 3 survivors (3072K)
 Metaspace       used 74168K, committed 74944K, reserved 1114112K
  class space    used 10289K, committed 10688K, reserved 1048576K
}
Event: 401.039 GC heap before
{Heap before GC invocations=19 (full 0):
 garbage-first heap   total 73728K, used 64863K [0x00000007c0000000, 0x0000000800000000)
  region size 1024K, 30 young (30720K), 3 survivors (3072K)
 Metaspace       used 78773K, committed 79680K, reserved 1179648K
  class space    used 10909K, committed 11328K, reserved 1048576K
}

