# JRE version: OpenJDK Runtime Environment (21.0.1+12) (build 21.0.1+12-29)
# Java VM: OpenJDK 64-Bit Server VM (21.0.1+12-29, mixed mode, sharing, tiered, compressed oops, compressed class ptrs, g1 gc, bsd-amd64)
GC Precious Log:
 CardTable entry size: 512
 Card Set container configuration: InlinePtr #cards 5 size 8 Array Of Cards #cards 12 size 40 Howl #buckets 4 coarsen threshold 1843 Howl Bitmap #cards 512 size 80 coarsen threshold 460 Card regions per heap region 1 cards per card region 2048
 CPUs: 4 total, 4 available
 Memory: 4096M
 Large Page Support: Disabled
 NUMA Support: Disabled
 Compressed Oops: Enabled (Zero based)
 Heap Region Size: 1M
 Heap Min Capacity: 8M
 Heap Initial Capacity: 64M
 Heap Max Capacity: 1G
 Pre-touch: Disabled
 Parallel Workers: 4
 Concurrent Workers: 1
 Concurrent Refinement Workers: 4
 Periodic GC: Disabled
Heap:
 garbage-first heap   total 78848K, used 70869K [0x00000007c0000000, 0x0000000800000000)
  region size 1024K, 33 young (33792K), 2 survivors (2048K)
 Metaspace       used 79860K, committed 80576K, reserved 1179648K
  class space    used 11013K, committed 11328K, reserved 1048576K
GC Heap History (20 events):
Event: 7.906 GC heap after
{Heap after GC invocations=8 (full 0):
 garbage-first heap   total 65536K, used 21699K [0x00000007c0000000, 0x0000000800000000)
  region size 1024K, 3 young (3072K), 3 survivors (3072K)
 Metaspace       used 31759K, committed 32320K, reserved 1114112K
  class space    used 4037K, committed 4288K, reserved 1048576K
}
Event: 8.360 GC heap before
{Heap before GC invocations=8 (full 0):
 garbage-first heap   total 65536K, used 33987K [0x00000007c0000000, 0x0000000800000000)
  region size 1024K, 16 young (16384K), 3 survivors (3072K)
 Metaspace       used 35709K, committed 36160K, reserved 1114112K
  class space    used 4592K, committed 4800K, reserved 1048576K
}
Event: 8.367 GC heap after
{Heap after GC invocations=9 (full 0):
 garbage-first heap   total 65536K, used 22778K [0x00000007c0000000, 0x0000000800000000)
  region size 1024K, 1 young (1024K), 1 survivors (1024K)
 Metaspace       used 35709K, committed 36160K, reserved 1114112K
  class space    used 4592K, committed 4800K, reserved 1048576K
}
Event: 9.678 GC heap before
{Heap before GC invocations=10 (full 0):
 garbage-first heap   total 65536K, used 55546K [0x00000007c0000000, 0x0000000800000000)
  region size 1024K, 33 young (33792K), 1 survivors (1024K)
 Metaspace       used 44922K, committed 45504K, reserved 1114112K
  class space    used 5923K, committed 6208K, reserved 1048576K
}
Event: 9.702 GC heap after
{Heap after GC invocations=11 (full 0):
 garbage-first heap   total 65536K, used 24828K [0x00000007c0000000, 0x0000000800000000)
  region size 1024K, 3 young (3072K), 3 survivors (3072K)
 Metaspace       used 44922K, committed 45504K, reserved 1114112K
  class space    used 5923K, committed 6208K, reserved 1048576K
}
Event: 10.772 GC heap before
{Heap before GC invocations=11 (full 0):
 garbage-first heap   total 65536K, used 55548K [0x00000007c0000000, 0x0000000800000000)
  region size 1024K, 34 young (34816K), 3 survivors (3072K)
 Metaspace       used 53576K, committed 54144K, reserved 1114112K
  class space    used 7225K, committed 7488K, reserved 1048576K
}
Event: 10.779 GC heap after
{Heap after GC invocations=12 (full 0):
 garbage-first heap   total 65536K, used 26382K [0x00000007c0000000, 0x0000000800000000)
  region size 1024K, 4 young (4096K), 4 survivors (4096K)
 Metaspace       used 53576K, committed 54144K, reserved 1114112K
  class space    used 7225K, committed 7488K, reserved 1048576K
}
Event: 11.692 GC heap before
{Heap before GC invocations=12 (full 0):
 garbage-first heap   total 65536K, used 55054K [0x00000007c0000000, 0x0000000800000000)
  region size 1024K, 33 young (33792K), 4 survivors (4096K)
 Metaspace       used 60523K, committed 61120K, reserved 1114112K
  class space    used 8173K, committed 8448K, reserved 1048576K
}
Event: 11.728 GC heap after
{Heap after GC invocations=13 (full 0):
 garbage-first heap   total 65536K, used 28631K [0x00000007c0000000, 0x0000000800000000)
  region size 1024K, 4 young (4096K), 4 survivors (4096K)
 Metaspace       used 60523K, committed 61120K, reserved 1114112K
  class space    used 8173K, committed 8448K, reserved 1048576K
}
Event: 12.569 GC heap before
{Heap before GC invocations=14 (full 0):
 garbage-first heap   total 65536K, used 55255K [0x00000007c0000000, 0x0000000800000000)
  region size 1024K, 31 young (31744K), 4 survivors (4096K)
 Metaspace       used 64516K, committed 65152K, reserved 1114112K
  class space    used 8978K, committed 9280K, reserved 1048576K
}
Event: 12.580 GC heap after
{Heap after GC invocations=15 (full 0):
 garbage-first heap   total 65536K, used 31216K [0x00000007c0000000, 0x0000000800000000)
  region size 1024K, 3 young (3072K), 3 survivors (3072K)
 Metaspace       used 64516K, committed 65152K, reserved 1114112K
  class space    used 8978K, committed 9280K, reserved 1048576K
}
Event: 13.060 GC heap before
{Heap before GC invocations=15 (full 0):
 garbage-first heap   total 65536K, used 57840K [0x00000007c0000000, 0x0000000800000000)
  region size 1024K, 29 young (29696K), 3 survivors (3072K)
 Metaspace       used 65797K, committed 66496K, reserved 1114112K
  class space    used 9127K, committed 9472K, reserved 1048576K
}
Event: 13.071 GC heap after
{Heap after GC invocations=16 (full 0):
 garbage-first heap   total 78848K, used 32146K [0x00000007c0000000, 0x0000000800000000)
  region size 1024K, 2 young (2048K), 2 survivors (2048K)
 Metaspace       used 65797K, committed 66496K, reserved 1114112K
  class space    used 9127K, committed 9472K, reserved 1048576K
}
Event: 14.481 GC heap before
{Heap before GC invocations=16 (full 0):
 garbage-first heap   total 78848K, used 67986K [0x00000007c0000000, 0x0000000800000000)
  region size 1024K, 37 young (37888K), 2 survivors (2048K)
 Metaspace       used 69843K, committed 70528K, reserved 1114112K
  class space    used 9675K, committed 9984K, reserved 1048576K
}
Event: 14.497 GC heap after
{Heap after GC invocations=17 (full 0):
 garbage-first heap   total 78848K, used 34822K [0x00000007c0000000, 0x0000000800000000)
  region size 1024K, 5 young (5120K), 5 survivors (5120K)
 Metaspace       used 69843K, committed 70528K, reserved 1114112K
  class space    used 9675K, committed 9984K, reserved 1048576K
}
Event: 15.531 GC heap before
{Heap before GC invocations=17 (full 0):
 garbage-first heap   total 78848K, used 66566K [0x00000007c0000000, 0x0000000800000000)
  region size 1024K, 37 young (37888K), 5 survivors (5120K)
 Metaspace       used 73269K, committed 73984K, reserved 1114112K
  class space    used 10126K, committed 10432K, reserved 1048576K
}
Event: 15.545 GC heap after
{Heap after GC invocations=18 (full 0):
 garbage-first heap   total 78848K, used 37698K [0x00000007c0000000, 0x0000000800000000)
  region size 1024K, 3 young (3072K), 3 survivors (3072K)
 Metaspace       used 73269K, committed 73984K, reserved 1114112K
  class space    used 10126K, committed 10432K, reserved 1048576K
}
Event: 514.788 GC heap before
{Heap before GC invocations=18 (full 0):
 garbage-first heap   total 78848K, used 69442K [0x00000007c0000000, 0x0000000800000000)
  region size 1024K, 35 young (35840K), 3 survivors (3072K)
 Metaspace       used 78922K, committed 79680K, reserved 1179648K
  class space    used 10914K, committed 11264K, reserved 1048576K
}
Event: 514.962 GC heap after
{Heap after GC invocations=19 (full 0):
 garbage-first heap   total 78848K, used 39125K [0x00000007c0000000, 0x0000000800000000)
  region size 1024K, 2 young (2048K), 2 survivors (2048K)
 Metaspace       used 78922K, committed 79680K, reserved 1179648K
  class space    used 10914K, committed 11264K, reserved 1048576K
}
Event: 1559.967 GC heap before
{Heap before GC invocations=20 (full 0):
 garbage-first heap   total 78848K, used 70869K [0x00000007c0000000, 0x0000000800000000)
  region size 1024K, 33 young (33792K), 2 survivors (2048K)
 Metaspace       used 79860K, committed 80576K, reserved 1179648K
  class space    used 11013K, committed 11328K, reserved 1048576K
}

