# JRE version: OpenJDK Runtime Environment (21.0.1+12) (build 21.0.1+12-29)
# Java VM: OpenJDK 64-Bit Server VM (21.0.1+12-29, mixed mode, sharing, tiered, compressed oops, compressed class ptrs, g1 gc, bsd-amd64)
GC Precious Log:
 CardTable entry size: 512
 Card Set container configuration: InlinePtr #cards 5 size 8 Array Of Cards #cards 12 size 40 Howl #buckets 4 coarsen threshold 1843 Howl Bitmap #cards 512 size 80 coarsen threshold 460 Card regions per heap region 1 cards per card region 2048
 CPUs: 4 total, 4 available
 Memory: 4096M
 Large Page Support: Disabled
 NUMA Support: Disabled
 Compressed Oops: Enabled (Zero based)
 Heap Region Size: 1M
 Heap Min Capacity: 8M
 Heap Initial Capacity: 64M
 Heap Max Capacity: 1G
 Pre-touch: Disabled
 Parallel Workers: 4
 Concurrent Workers: 1
 Concurrent Refinement Workers: 4
 Periodic GC: Disabled
Heap:
 garbage-first heap   total 73728K, used 38683K [0x00000007c0000000, 0x0000000800000000)
  region size 1024K, 4 young (4096K), 3 survivors (3072K)
 Metaspace       used 79928K, committed 80832K, reserved 1179648K
  class space    used 10991K, committed 11392K, reserved 1048576K
GC Heap History (20 events):
Event: 11.318 GC heap before
{Heap before GC invocations=10 (full 0):
 garbage-first heap   total 73728K, used 62348K [0x00000007c0000000, 0x0000000800000000)
  region size 1024K, 41 young (41984K), 2 survivors (2048K)
 Metaspace       used 46135K, committed 46784K, reserved 1114112K
  class space    used 6044K, committed 6336K, reserved 1048576K
}
Event: 11.325 GC heap after
{Heap after GC invocations=11 (full 0):
 garbage-first heap   total 73728K, used 25035K [0x00000007c0000000, 0x0000000800000000)
  region size 1024K, 4 young (4096K), 4 survivors (4096K)
 Metaspace       used 46135K, committed 46784K, reserved 1114112K
  class space    used 6044K, committed 6336K, reserved 1048576K
}
Event: 16.032 GC heap before
{Heap before GC invocations=11 (full 0):
 garbage-first heap   total 73728K, used 62923K [0x00000007c0000000, 0x0000000800000000)
  region size 1024K, 42 young (43008K), 4 survivors (4096K)
 Metaspace       used 56842K, committed 57472K, reserved 1114112K
  class space    used 7663K, committed 7936K, reserved 1048576K
}
Event: 16.047 GC heap after
{Heap after GC invocations=12 (full 0):
 garbage-first heap   total 73728K, used 26201K [0x00000007c0000000, 0x0000000800000000)
  region size 1024K, 5 young (5120K), 5 survivors (5120K)
 Metaspace       used 56842K, committed 57472K, reserved 1114112K
  class space    used 7663K, committed 7936K, reserved 1048576K
}
Event: 16.664 GC heap before
{Heap before GC invocations=12 (full 0):
 garbage-first heap   total 73728K, used 40537K [0x00000007c0000000, 0x0000000800000000)
  region size 1024K, 20 young (20480K), 5 survivors (5120K)
 Metaspace       used 60260K, committed 60928K, reserved 1114112K
  class space    used 8139K, committed 8448K, reserved 1048576K
}
Event: 16.679 GC heap after
{Heap after GC invocations=13 (full 0):
 garbage-first heap   total 73728K, used 28018K [0x00000007c0000000, 0x0000000800000000)
  region size 1024K, 4 young (4096K), 4 survivors (4096K)
 Metaspace       used 60260K, committed 60928K, reserved 1114112K
  class space    used 8139K, committed 8448K, reserved 1048576K
}
Event: 17.763 GC heap before
{Heap before GC invocations=14 (full 0):
 garbage-first heap   total 73728K, used 61810K [0x00000007c0000000, 0x0000000800000000)
  region size 1024K, 38 young (38912K), 4 survivors (4096K)
 Metaspace       used 65105K, committed 65792K, reserved 1114112K
  class space    used 9043K, committed 9344K, reserved 1048576K
}
Event: 17.780 GC heap after
{Heap after GC invocations=15 (full 0):
 garbage-first heap   total 73728K, used 30925K [0x00000007c0000000, 0x0000000800000000)
  region size 1024K, 5 young (5120K), 5 survivors (5120K)
 Metaspace       used 65105K, committed 65792K, reserved 1114112K
  class space    used 9043K, committed 9344K, reserved 1048576K
}
Event: 18.736 GC heap before
{Heap before GC invocations=15 (full 0):
 garbage-first heap   total 73728K, used 62669K [0x00000007c0000000, 0x0000000800000000)
  region size 1024K, 36 young (36864K), 5 survivors (5120K)
 Metaspace       used 67155K, committed 67840K, reserved 1114112K
  class space    used 9285K, committed 9600K, reserved 1048576K
}
Event: 18.754 GC heap after
{Heap after GC invocations=16 (full 0):
 garbage-first heap   total 73728K, used 32636K [0x00000007c0000000, 0x0000000800000000)
  region size 1024K, 3 young (3072K), 3 survivors (3072K)
 Metaspace       used 67155K, committed 67840K, reserved 1114112K
  class space    used 9285K, committed 9600K, reserved 1048576K
}
Event: 19.690 GC heap before
{Heap before GC invocations=16 (full 0):
 garbage-first heap   total 73728K, used 64380K [0x00000007c0000000, 0x0000000800000000)
  region size 1024K, 34 young (34816K), 3 survivors (3072K)
 Metaspace       used 70725K, committed 71488K, reserved 1114112K
  class space    used 9776K, committed 10112K, reserved 1048576K
}
Event: 19.699 GC heap after
{Heap after GC invocations=17 (full 0):
 garbage-first heap   total 73728K, used 35449K [0x00000007c0000000, 0x0000000800000000)
  region size 1024K, 5 young (5120K), 5 survivors (5120K)
 Metaspace       used 70725K, committed 71488K, reserved 1114112K
  class space    used 9776K, committed 10112K, reserved 1048576K
}
Event: 20.420 GC heap before
{Heap before GC invocations=17 (full 0):
 garbage-first heap   total 73728K, used 62073K [0x00000007c0000000, 0x0000000800000000)
  region size 1024K, 32 young (32768K), 5 survivors (5120K)
 Metaspace       used 73666K, committed 74432K, reserved 1114112K
  class space    used 10180K, committed 10496K, reserved 1048576K
}
Event: 20.432 GC heap after
{Heap after GC invocations=18 (full 0):
 garbage-first heap   total 73728K, used 37270K [0x00000007c0000000, 0x0000000800000000)
  region size 1024K, 3 young (3072K), 3 survivors (3072K)
 Metaspace       used 73666K, committed 74432K, reserved 1114112K
  class space    used 10180K, committed 10496K, reserved 1048576K
}
Event: 295.342 GC heap before
{Heap before GC invocations=19 (full 0):
 garbage-first heap   total 73728K, used 63894K [0x00000007c0000000, 0x0000000800000000)
  region size 1024K, 30 young (30720K), 3 survivors (3072K)
 Metaspace       used 78794K, committed 79616K, reserved 1179648K
  class space    used 10884K, committed 11264K, reserved 1048576K
}
Event: 295.453 GC heap after
{Heap after GC invocations=20 (full 0):
 garbage-first heap   total 73728K, used 38516K [0x00000007c0000000, 0x0000000800000000)
  region size 1024K, 4 young (4096K), 4 survivors (4096K)
 Metaspace       used 78794K, committed 79616K, reserved 1179648K
  class space    used 10884K, committed 11264K, reserved 1048576K
}
Event: 1444.925 GC heap before
{Heap before GC invocations=20 (full 0):
 garbage-first heap   total 73728K, used 64116K [0x00000007c0000000, 0x0000000800000000)
  region size 1024K, 29 young (29696K), 4 survivors (4096K)
 Metaspace       used 78845K, committed 79680K, reserved 1179648K
  class space    used 10884K, committed 11264K, reserved 1048576K
}
Event: 1445.047 GC heap after
{Heap after GC invocations=21 (full 0):
 garbage-first heap   total 73728K, used 37983K [0x00000007c0000000, 0x0000000800000000)
  region size 1024K, 2 young (2048K), 2 survivors (2048K)
 Metaspace       used 78845K, committed 79680K, reserved 1179648K
  class space    used 10884K, committed 11264K, reserved 1048576K
}
Event: 2128.001 GC heap before
{Heap before GC invocations=21 (full 0):
 garbage-first heap   total 73728K, used 65631K [0x00000007c0000000, 0x0000000800000000)
  region size 1024K, 29 young (29696K), 2 survivors (2048K)
 Metaspace       used 79820K, committed 80640K, reserved 1179648K
  class space    used 10975K, committed 11328K, reserved 1048576K
}
Event: 2128.057 GC heap after
{Heap after GC invocations=22 (full 0):
 garbage-first heap   total 73728K, used 38683K [0x00000007c0000000, 0x0000000800000000)
  region size 1024K, 3 young (3072K), 3 survivors (3072K)
 Metaspace       used 79820K, committed 80640K, reserved 1179648K
  class space    used 10975K, committed 11328K, reserved 1048576K
}

