# JRE version: OpenJDK Runtime Environment (21.0.1+12) (build 21.0.1+12-29)
# Java VM: OpenJDK 64-Bit Server VM (21.0.1+12-29, mixed mode, sharing, tiered, compressed oops, compressed class ptrs, g1 gc, bsd-amd64)
GC Precious Log:
 CardTable entry size: 512
 Card Set container configuration: InlinePtr #cards 5 size 8 Array Of Cards #cards 12 size 40 Howl #buckets 4 coarsen threshold 1843 Howl Bitmap #cards 512 size 80 coarsen threshold 460 Card regions per heap region 1 cards per card region 2048
 CPUs: 4 total, 4 available
 Memory: 4096M
 Large Page Support: Disabled
 NUMA Support: Disabled
 Compressed Oops: Enabled (Zero based)
 Heap Region Size: 1M
 Heap Min Capacity: 8M
 Heap Initial Capacity: 64M
 Heap Max Capacity: 1G
 Pre-touch: Disabled
 Parallel Workers: 4
 Concurrent Workers: 1
 Concurrent Refinement Workers: 4
 Periodic GC: Disabled
Heap:
 garbage-first heap   total 73728K, used 38882K [0x00000007c0000000, 0x0000000800000000)
  region size 1024K, 5 young (5120K), 3 survivors (3072K)
 Metaspace       used 74046K, committed 74880K, reserved 1114112K
  class space    used 10211K, committed 10560K, reserved 1048576K
GC Heap History (20 events):
Event: 7.113 GC heap before
{Heap before GC invocations=7 (full 0):
 garbage-first heap   total 61440K, used 48127K [0x00000007c0000000, 0x0000000800000000)
  region size 1024K, 34 young (34816K), 4 survivors (4096K)
 Metaspace       used 31404K, committed 31872K, reserved 1114112K
  class space    used 3970K, committed 4160K, reserved 1048576K
}
Event: 7.129 GC heap after
{Heap after GC invocations=8 (full 0):
 garbage-first heap   total 61440K, used 21255K [0x00000007c0000000, 0x0000000800000000)
  region size 1024K, 3 young (3072K), 3 survivors (3072K)
 Metaspace       used 31404K, committed 31872K, reserved 1114112K
  class space    used 3970K, committed 4160K, reserved 1048576K
}
Event: 7.765 GC heap before
{Heap before GC invocations=8 (full 0):
 garbage-first heap   total 61440K, used 37639K [0x00000007c0000000, 0x0000000800000000)
  region size 1024K, 20 young (20480K), 3 survivors (3072K)
 Metaspace       used 35577K, committed 36096K, reserved 1114112K
  class space    used 4576K, committed 4800K, reserved 1048576K
}
Event: 7.773 GC heap after
{Heap after GC invocations=9 (full 0):
 garbage-first heap   total 61440K, used 22243K [0x00000007c0000000, 0x0000000800000000)
  region size 1024K, 2 young (2048K), 2 survivors (2048K)
 Metaspace       used 35577K, committed 36096K, reserved 1114112K
  class space    used 4576K, committed 4800K, reserved 1048576K
}
Event: 9.163 GC heap before
{Heap before GC invocations=10 (full 0):
 garbage-first heap   total 61440K, used 51939K [0x00000007c0000000, 0x0000000800000000)
  region size 1024K, 31 young (31744K), 2 survivors (2048K)
 Metaspace       used 44324K, committed 44864K, reserved 1114112K
  class space    used 5828K, committed 6080K, reserved 1048576K
}
Event: 9.171 GC heap after
{Heap after GC invocations=11 (full 0):
 garbage-first heap   total 61440K, used 24152K [0x00000007c0000000, 0x0000000800000000)
  region size 1024K, 3 young (3072K), 3 survivors (3072K)
 Metaspace       used 44324K, committed 44864K, reserved 1114112K
  class space    used 5828K, committed 6080K, reserved 1048576K
}
Event: 10.113 GC heap before
{Heap before GC invocations=11 (full 0):
 garbage-first heap   total 61440K, used 51800K [0x00000007c0000000, 0x0000000800000000)
  region size 1024K, 31 young (31744K), 3 survivors (3072K)
 Metaspace       used 52437K, committed 53056K, reserved 1114112K
  class space    used 7056K, committed 7360K, reserved 1048576K
}
Event: 10.122 GC heap after
{Heap after GC invocations=12 (full 0):
 garbage-first heap   total 61440K, used 25374K [0x00000007c0000000, 0x0000000800000000)
  region size 1024K, 4 young (4096K), 4 survivors (4096K)
 Metaspace       used 52437K, committed 53056K, reserved 1114112K
  class space    used 7056K, committed 7360K, reserved 1048576K
}
Event: 11.004 GC heap before
{Heap before GC invocations=12 (full 0):
 garbage-first heap   total 61440K, used 51998K [0x00000007c0000000, 0x0000000800000000)
  region size 1024K, 31 young (31744K), 4 survivors (4096K)
 Metaspace       used 58285K, committed 58944K, reserved 1114112K
  class space    used 7826K, committed 8128K, reserved 1048576K
}
Event: 11.013 GC heap after
{Heap after GC invocations=13 (full 0):
 garbage-first heap   total 61440K, used 27286K [0x00000007c0000000, 0x0000000800000000)
  region size 1024K, 4 young (4096K), 4 survivors (4096K)
 Metaspace       used 58285K, committed 58944K, reserved 1114112K
  class space    used 7826K, committed 8128K, reserved 1048576K
}
Event: 11.294 GC heap before
{Heap before GC invocations=13 (full 0):
 garbage-first heap   total 61440K, used 35478K [0x00000007c0000000, 0x0000000800000000)
  region size 1024K, 13 young (13312K), 4 survivors (4096K)
 Metaspace       used 60208K, committed 60800K, reserved 1114112K
  class space    used 8158K, committed 8448K, reserved 1048576K
}
Event: 11.302 GC heap after
{Heap after GC invocations=14 (full 0):
 garbage-first heap   total 73728K, used 28275K [0x00000007c0000000, 0x0000000800000000)
  region size 1024K, 3 young (3072K), 3 survivors (3072K)
 Metaspace       used 60208K, committed 60800K, reserved 1114112K
  class space    used 8158K, committed 8448K, reserved 1048576K
}
Event: 12.253 GC heap before
{Heap before GC invocations=15 (full 0):
 garbage-first heap   total 73728K, used 64115K [0x00000007c0000000, 0x0000000800000000)
  region size 1024K, 39 young (39936K), 3 survivors (3072K)
 Metaspace       used 65014K, committed 65600K, reserved 1114112K
  class space    used 9031K, committed 9280K, reserved 1048576K
}
Event: 12.265 GC heap after
{Heap after GC invocations=16 (full 0):
 garbage-first heap   total 73728K, used 30871K [0x00000007c0000000, 0x0000000800000000)
  region size 1024K, 5 young (5120K), 5 survivors (5120K)
 Metaspace       used 65014K, committed 65600K, reserved 1114112K
  class space    used 9031K, committed 9280K, reserved 1048576K
}
Event: 12.926 GC heap before
{Heap before GC invocations=16 (full 0):
 garbage-first heap   total 73728K, used 62615K [0x00000007c0000000, 0x0000000800000000)
  region size 1024K, 36 young (36864K), 5 survivors (5120K)
 Metaspace       used 67327K, committed 68032K, reserved 1114112K
  class space    used 9315K, committed 9664K, reserved 1048576K
}
Event: 12.939 GC heap after
{Heap after GC invocations=17 (full 0):
 garbage-first heap   total 73728K, used 32536K [0x00000007c0000000, 0x0000000800000000)
  region size 1024K, 2 young (2048K), 2 survivors (2048K)
 Metaspace       used 67327K, committed 68032K, reserved 1114112K
  class space    used 9315K, committed 9664K, reserved 1048576K
}
Event: 13.795 GC heap before
{Heap before GC invocations=17 (full 0):
 garbage-first heap   total 73728K, used 66328K [0x00000007c0000000, 0x0000000800000000)
  region size 1024K, 35 young (35840K), 2 survivors (2048K)
 Metaspace       used 70555K, committed 71296K, reserved 1114112K
  class space    used 9788K, committed 10112K, reserved 1048576K
}
Event: 13.805 GC heap after
{Heap after GC invocations=18 (full 0):
 garbage-first heap   total 73728K, used 35469K [0x00000007c0000000, 0x0000000800000000)
  region size 1024K, 5 young (5120K), 5 survivors (5120K)
 Metaspace       used 70555K, committed 71296K, reserved 1114112K
  class space    used 9788K, committed 10112K, reserved 1048576K
}
Event: 248.190 GC heap before
{Heap before GC invocations=18 (full 0):
 garbage-first heap   total 73728K, used 62093K [0x00000007c0000000, 0x0000000800000000)
  region size 1024K, 32 young (32768K), 5 survivors (5120K)
 Metaspace       used 73737K, committed 74496K, reserved 1114112K
  class space    used 10168K, committed 10496K, reserved 1048576K
}
Event: 248.301 GC heap after
{Heap after GC invocations=19 (full 0):
 garbage-first heap   total 73728K, used 37858K [0x00000007c0000000, 0x0000000800000000)
  region size 1024K, 3 young (3072K), 3 survivors (3072K)
 Metaspace       used 73737K, committed 74496K, reserved 1114112K
  class space    used 10168K, committed 10496K, reserved 1048576K
}

