# JRE version: OpenJDK Runtime Environment (21.0.1+12) (build 21.0.1+12-29)
# Java VM: OpenJDK 64-Bit Server VM (21.0.1+12-29, mixed mode, sharing, tiered, compressed oops, compressed class ptrs, g1 gc, bsd-amd64)
GC Precious Log:
 CardTable entry size: 512
 Card Set container configuration: InlinePtr #cards 5 size 8 Array Of Cards #cards 12 size 40 Howl #buckets 4 coarsen threshold 1843 Howl Bitmap #cards 512 size 80 coarsen threshold 460 Card regions per heap region 1 cards per card region 2048
 CPUs: 4 total, 4 available
 Memory: 4096M
 Large Page Support: Disabled
 NUMA Support: Disabled
 Compressed Oops: Enabled (Zero based)
 Heap Region Size: 1M
 Heap Min Capacity: 8M
 Heap Initial Capacity: 64M
 Heap Max Capacity: 1G
 Pre-touch: Disabled
 Parallel Workers: 4
 Concurrent Workers: 1
 Concurrent Refinement Workers: 4
 Periodic GC: Disabled
Heap:
 garbage-first heap   total 83968K, used 48717K [0x00000007c0000000, 0x0000000800000000)
  region size 1024K, 5 young (5120K), 3 survivors (3072K)
 Metaspace       used 85234K, committed 86016K, reserved 1179648K
  class space    used 11416K, committed 11776K, reserved 1048576K
GC Heap History (20 events):
Event: 12679.209 GC heap before
{Heap before GC invocations=57 (full 1):
 garbage-first heap   total 83968K, used 44148K [0x00000007c0000000, 0x0000000800000000)
  region size 1024K, 4 young (4096K), 1 survivors (1024K)
 Metaspace       used 84239K, committed 84992K, reserved 1179648K
  class space    used 11344K, committed 11712K, reserved 1048576K
}
Event: 12679.225 GC heap after
{Heap after GC invocations=58 (full 1):
 garbage-first heap   total 83968K, used 40358K [0x00000007c0000000, 0x0000000800000000)
  region size 1024K, 1 young (1024K), 1 survivors (1024K)
 Metaspace       used 84239K, committed 84992K, reserved 1179648K
  class space    used 11344K, committed 11712K, reserved 1048576K
}
Event: 12834.140 GC heap before
{Heap before GC invocations=58 (full 1):
 garbage-first heap   total 83968K, used 48550K [0x00000007c0000000, 0x0000000800000000)
  region size 1024K, 9 young (9216K), 1 survivors (1024K)
 Metaspace       used 84239K, committed 84992K, reserved 1179648K
  class space    used 11344K, committed 11712K, reserved 1048576K
}
Event: 12834.194 GC heap after
{Heap after GC invocations=59 (full 1):
 garbage-first heap   total 83968K, used 39914K [0x00000007c0000000, 0x0000000800000000)
  region size 1024K, 1 young (1024K), 1 survivors (1024K)
 Metaspace       used 84239K, committed 84992K, reserved 1179648K
  class space    used 11344K, committed 11712K, reserved 1048576K
}
Event: 13325.039 GC heap before
{Heap before GC invocations=59 (full 1):
 garbage-first heap   total 83968K, used 74730K [0x00000007c0000000, 0x0000000800000000)
  region size 1024K, 36 young (36864K), 1 survivors (1024K)
 Metaspace       used 84272K, committed 85120K, reserved 1179648K
  class space    used 11344K, committed 11712K, reserved 1048576K
}
Event: 13325.064 GC heap after
{Heap after GC invocations=60 (full 1):
 garbage-first heap   total 83968K, used 41741K [0x00000007c0000000, 0x0000000800000000)
  region size 1024K, 2 young (2048K), 2 survivors (2048K)
 Metaspace       used 84272K, committed 85120K, reserved 1179648K
  class space    used 11344K, committed 11712K, reserved 1048576K
}
Event: 13328.625 GC heap before
{Heap before GC invocations=61 (full 1):
 garbage-first heap   total 83968K, used 75533K [0x00000007c0000000, 0x0000000800000000)
  region size 1024K, 35 young (35840K), 2 survivors (2048K)
 Metaspace       used 84441K, committed 85248K, reserved 1179648K
  class space    used 11343K, committed 11712K, reserved 1048576K
}
Event: 13328.669 GC heap after
{Heap after GC invocations=62 (full 1):
 garbage-first heap   total 83968K, used 44498K [0x00000007c0000000, 0x0000000800000000)
  region size 1024K, 5 young (5120K), 5 survivors (5120K)
 Metaspace       used 84441K, committed 85248K, reserved 1179648K
  class space    used 11343K, committed 11712K, reserved 1048576K
}
Event: 13328.695 GC heap before
{Heap before GC invocations=62 (full 1):
 garbage-first heap   total 83968K, used 45522K [0x00000007c0000000, 0x0000000800000000)
  region size 1024K, 6 young (6144K), 5 survivors (5120K)
 Metaspace       used 84444K, committed 85248K, reserved 1179648K
  class space    used 11344K, committed 11712K, reserved 1048576K
}
Event: 13328.735 GC heap after
{Heap after GC invocations=63 (full 1):
 garbage-first heap   total 83968K, used 44177K [0x00000007c0000000, 0x0000000800000000)
  region size 1024K, 1 young (1024K), 1 survivors (1024K)
 Metaspace       used 84444K, committed 85248K, reserved 1179648K
  class space    used 11344K, committed 11712K, reserved 1048576K
}
Event: 13337.444 GC heap before
{Heap before GC invocations=63 (full 1):
 garbage-first heap   total 83968K, used 56465K [0x00000007c0000000, 0x0000000800000000)
  region size 1024K, 13 young (13312K), 1 survivors (1024K)
 Metaspace       used 84560K, committed 85312K, reserved 1179648K
  class space    used 11363K, committed 11712K, reserved 1048576K
}
Event: 13337.479 GC heap after
{Heap after GC invocations=64 (full 1):
 garbage-first heap   total 83968K, used 44719K [0x00000007c0000000, 0x0000000800000000)
  region size 1024K, 2 young (2048K), 2 survivors (2048K)
 Metaspace       used 84560K, committed 85312K, reserved 1179648K
  class space    used 11363K, committed 11712K, reserved 1048576K
}
Event: 13337.786 GC heap before
{Heap before GC invocations=64 (full 1):
 garbage-first heap   total 83968K, used 48815K [0x00000007c0000000, 0x0000000800000000)
  region size 1024K, 7 young (7168K), 2 survivors (2048K)
 Metaspace       used 84612K, committed 85376K, reserved 1179648K
  class space    used 11369K, committed 11712K, reserved 1048576K
}
Event: 13337.819 GC heap after
{Heap after GC invocations=65 (full 1):
 garbage-first heap   total 83968K, used 44522K [0x00000007c0000000, 0x0000000800000000)
  region size 1024K, 1 young (1024K), 1 survivors (1024K)
 Metaspace       used 84612K, committed 85376K, reserved 1179648K
  class space    used 11369K, committed 11712K, reserved 1048576K
}
Event: 13342.741 GC heap before
{Heap before GC invocations=65 (full 1):
 garbage-first heap   total 83968K, used 66026K [0x00000007c0000000, 0x0000000800000000)
  region size 1024K, 22 young (22528K), 1 survivors (1024K)
 Metaspace       used 85067K, committed 85888K, reserved 1179648K
  class space    used 11401K, committed 11776K, reserved 1048576K
}
Event: 13342.764 GC heap after
{Heap after GC invocations=66 (full 1):
 garbage-first heap   total 83968K, used 45407K [0x00000007c0000000, 0x0000000800000000)
  region size 1024K, 3 young (3072K), 3 survivors (3072K)
 Metaspace       used 85067K, committed 85888K, reserved 1179648K
  class space    used 11401K, committed 11776K, reserved 1048576K
}
Event: 13431.002 GC heap before
{Heap before GC invocations=66 (full 1):
 garbage-first heap   total 83968K, used 52575K [0x00000007c0000000, 0x0000000800000000)
  region size 1024K, 10 young (10240K), 3 survivors (3072K)
 Metaspace       used 85068K, committed 85888K, reserved 1179648K
  class space    used 11401K, committed 11776K, reserved 1048576K
}
Event: 13431.076 GC heap after
{Heap after GC invocations=67 (full 1):
 garbage-first heap   total 83968K, used 44885K [0x00000007c0000000, 0x0000000800000000)
  region size 1024K, 1 young (1024K), 1 survivors (1024K)
 Metaspace       used 85068K, committed 85888K, reserved 1179648K
  class space    used 11401K, committed 11776K, reserved 1048576K
}
Event: 13433.079 GC heap before
{Heap before GC invocations=67 (full 1):
 garbage-first heap   total 83968K, used 75605K [0x00000007c0000000, 0x0000000800000000)
  region size 1024K, 31 young (31744K), 1 survivors (1024K)
 Metaspace       used 85234K, committed 86016K, reserved 1179648K
  class space    used 11416K, committed 11776K, reserved 1048576K
}
Event: 13433.094 GC heap after
{Heap after GC invocations=68 (full 1):
 garbage-first heap   total 83968K, used 47693K [0x00000007c0000000, 0x0000000800000000)
  region size 1024K, 3 young (3072K), 3 survivors (3072K)
 Metaspace       used 85234K, committed 86016K, reserved 1179648K
  class space    used 11416K, committed 11776K, reserved 1048576K
}

