# JRE version: OpenJDK Runtime Environment (21.0.1+12) (build 21.0.1+12-29)
# Java VM: OpenJDK 64-Bit Server VM (21.0.1+12-29, mixed mode, sharing, tiered, compressed oops, compressed class ptrs, g1 gc, bsd-amd64)
GC Precious Log:
 CardTable entry size: 512
 Card Set container configuration: InlinePtr #cards 5 size 8 Array Of Cards #cards 12 size 40 Howl #buckets 4 coarsen threshold 1843 Howl Bitmap #cards 512 size 80 coarsen threshold 460 Card regions per heap region 1 cards per card region 2048
 CPUs: 4 total, 4 available
 Memory: 4096M
 Large Page Support: Disabled
 NUMA Support: Disabled
 Compressed Oops: Enabled (Zero based)
 Heap Region Size: 1M
 Heap Min Capacity: 8M
 Heap Initial Capacity: 64M
 Heap Max Capacity: 1G
 Pre-touch: Disabled
 Parallel Workers: 4
 Concurrent Workers: 1
 Concurrent Refinement Workers: 4
 Periodic GC: Disabled
Heap:
 garbage-first heap   total 73728K, used 37753K [0x00000007c0000000, 0x0000000800000000)
  region size 1024K, 4 young (4096K), 3 survivors (3072K)
 Metaspace       used 74574K, committed 75328K, reserved 1114112K
  class space    used 10291K, committed 10624K, reserved 1048576K
GC Heap History (20 events):
Event: 6.345 GC heap before
{Heap before GC invocations=6 (full 0):
 garbage-first heap   total 61440K, used 50550K [0x00000007c0000000, 0x0000000800000000)
  region size 1024K, 36 young (36864K), 2 survivors (2048K)
 Metaspace       used 26646K, committed 27072K, reserved 1114112K
  class space    used 3321K, committed 3520K, reserved 1048576K
}
Event: 6.354 GC heap after
{Heap after GC invocations=7 (full 0):
 garbage-first heap   total 61440K, used 18532K [0x00000007c0000000, 0x0000000800000000)
  region size 1024K, 5 young (5120K), 5 survivors (5120K)
 Metaspace       used 26646K, committed 27072K, reserved 1114112K
  class space    used 3321K, committed 3520K, reserved 1048576K
}
Event: 7.358 GC heap before
{Heap before GC invocations=7 (full 0):
 garbage-first heap   total 61440K, used 48228K [0x00000007c0000000, 0x0000000800000000)
  region size 1024K, 34 young (34816K), 5 survivors (5120K)
 Metaspace       used 31219K, committed 31744K, reserved 1114112K
  class space    used 3949K, committed 4160K, reserved 1048576K
}
Event: 7.375 GC heap after
{Heap after GC invocations=8 (full 0):
 garbage-first heap   total 61440K, used 21022K [0x00000007c0000000, 0x0000000800000000)
  region size 1024K, 3 young (3072K), 3 survivors (3072K)
 Metaspace       used 31219K, committed 31744K, reserved 1114112K
  class space    used 3949K, committed 4160K, reserved 1048576K
}
Event: 8.101 GC heap before
{Heap before GC invocations=8 (full 0):
 garbage-first heap   total 61440K, used 37406K [0x00000007c0000000, 0x0000000800000000)
  region size 1024K, 21 young (21504K), 3 survivors (3072K)
 Metaspace       used 35647K, committed 36160K, reserved 1114112K
  class space    used 4581K, committed 4800K, reserved 1048576K
}
Event: 8.108 GC heap after
{Heap after GC invocations=9 (full 0):
 garbage-first heap   total 73728K, used 22098K [0x00000007c0000000, 0x0000000800000000)
  region size 1024K, 2 young (2048K), 2 survivors (2048K)
 Metaspace       used 35647K, committed 36160K, reserved 1114112K
  class space    used 4581K, committed 4800K, reserved 1048576K
}
Event: 9.903 GC heap before
{Heap before GC invocations=10 (full 0):
 garbage-first heap   total 73728K, used 62034K [0x00000007c0000000, 0x0000000800000000)
  region size 1024K, 41 young (41984K), 2 survivors (2048K)
 Metaspace       used 46440K, committed 47040K, reserved 1114112K
  class space    used 6106K, committed 6400K, reserved 1048576K
}
Event: 9.912 GC heap after
{Heap after GC invocations=11 (full 0):
 garbage-first heap   total 73728K, used 24781K [0x00000007c0000000, 0x0000000800000000)
  region size 1024K, 4 young (4096K), 4 survivors (4096K)
 Metaspace       used 46440K, committed 47040K, reserved 1114112K
  class space    used 6106K, committed 6400K, reserved 1048576K
}
Event: 11.419 GC heap before
{Heap before GC invocations=11 (full 0):
 garbage-first heap   total 73728K, used 63693K [0x00000007c0000000, 0x0000000800000000)
  region size 1024K, 42 young (43008K), 4 survivors (4096K)
 Metaspace       used 56789K, committed 57408K, reserved 1114112K
  class space    used 7668K, committed 7936K, reserved 1048576K
}
Event: 11.432 GC heap after
{Heap after GC invocations=12 (full 0):
 garbage-first heap   total 73728K, used 26869K [0x00000007c0000000, 0x0000000800000000)
  region size 1024K, 5 young (5120K), 5 survivors (5120K)
 Metaspace       used 56789K, committed 57408K, reserved 1114112K
  class space    used 7668K, committed 7936K, reserved 1048576K
}
Event: 11.999 GC heap before
{Heap before GC invocations=12 (full 0):
 garbage-first heap   total 73728K, used 41205K [0x00000007c0000000, 0x0000000800000000)
  region size 1024K, 20 young (20480K), 5 survivors (5120K)
 Metaspace       used 60279K, committed 60928K, reserved 1114112K
  class space    used 8205K, committed 8512K, reserved 1048576K
}
Event: 12.009 GC heap after
{Heap after GC invocations=13 (full 0):
 garbage-first heap   total 73728K, used 28249K [0x00000007c0000000, 0x0000000800000000)
  region size 1024K, 4 young (4096K), 4 survivors (4096K)
 Metaspace       used 60279K, committed 60928K, reserved 1114112K
  class space    used 8205K, committed 8512K, reserved 1048576K
}
Event: 12.940 GC heap before
{Heap before GC invocations=14 (full 0):
 garbage-first heap   total 73728K, used 63065K [0x00000007c0000000, 0x0000000800000000)
  region size 1024K, 39 young (39936K), 4 survivors (4096K)
 Metaspace       used 65087K, committed 65728K, reserved 1114112K
  class space    used 9049K, committed 9344K, reserved 1048576K
}
Event: 12.951 GC heap after
{Heap after GC invocations=15 (full 0):
 garbage-first heap   total 73728K, used 31364K [0x00000007c0000000, 0x0000000800000000)
  region size 1024K, 5 young (5120K), 5 survivors (5120K)
 Metaspace       used 65087K, committed 65728K, reserved 1114112K
  class space    used 9049K, committed 9344K, reserved 1048576K
}
Event: 13.883 GC heap before
{Heap before GC invocations=15 (full 0):
 garbage-first heap   total 73728K, used 62084K [0x00000007c0000000, 0x0000000800000000)
  region size 1024K, 35 young (35840K), 5 survivors (5120K)
 Metaspace       used 67394K, committed 68096K, reserved 1114112K
  class space    used 9324K, committed 9664K, reserved 1048576K
}
Event: 13.904 GC heap after
{Heap after GC invocations=16 (full 0):
 garbage-first heap   total 73728K, used 32768K [0x00000007c0000000, 0x0000000800000000)
  region size 1024K, 2 young (2048K), 2 survivors (2048K)
 Metaspace       used 67394K, committed 68096K, reserved 1114112K
  class space    used 9324K, committed 9664K, reserved 1048576K
}
Event: 14.897 GC heap before
{Heap before GC invocations=16 (full 0):
 garbage-first heap   total 73728K, used 66560K [0x00000007c0000000, 0x0000000800000000)
  region size 1024K, 35 young (35840K), 2 survivors (2048K)
 Metaspace       used 70967K, committed 71744K, reserved 1114112K
  class space    used 9814K, committed 10176K, reserved 1048576K
}
Event: 14.909 GC heap after
{Heap after GC invocations=17 (full 0):
 garbage-first heap   total 73728K, used 35840K [0x00000007c0000000, 0x0000000800000000)
  region size 1024K, 5 young (5120K), 5 survivors (5120K)
 Metaspace       used 70967K, committed 71744K, reserved 1114112K
  class space    used 9814K, committed 10176K, reserved 1048576K
}
Event: 130.357 GC heap before
{Heap before GC invocations=17 (full 0):
 garbage-first heap   total 73728K, used 62464K [0x00000007c0000000, 0x0000000800000000)
  region size 1024K, 32 young (32768K), 5 survivors (5120K)
 Metaspace       used 74224K, committed 74944K, reserved 1114112K
  class space    used 10256K, committed 10560K, reserved 1048576K
}
Event: 130.509 GC heap after
{Heap after GC invocations=18 (full 0):
 garbage-first heap   total 73728K, used 37753K [0x00000007c0000000, 0x0000000800000000)
  region size 1024K, 3 young (3072K), 3 survivors (3072K)
 Metaspace       used 74224K, committed 74944K, reserved 1114112K
  class space    used 10256K, committed 10560K, reserved 1048576K
}

