# JRE version: OpenJDK Runtime Environment (21.0.1+12) (build 21.0.1+12-29)
# Java VM: OpenJDK 64-Bit Server VM (21.0.1+12-29, mixed mode, sharing, tiered, compressed oops, compressed class ptrs, g1 gc, bsd-amd64)
GC Precious Log:
 CardTable entry size: 512
 Card Set container configuration: InlinePtr #cards 5 size 8 Array Of Cards #cards 12 size 40 Howl #buckets 4 coarsen threshold 1843 Howl Bitmap #cards 512 size 80 coarsen threshold 460 Card regions per heap region 1 cards per card region 2048
 CPUs: 4 total, 4 available
 Memory: 4096M
 Large Page Support: Disabled
 NUMA Support: Disabled
 Compressed Oops: Enabled (Zero based)
 Heap Region Size: 1M
 Heap Min Capacity: 8M
 Heap Initial Capacity: 64M
 Heap Max Capacity: 1G
 Pre-touch: Disabled
 Parallel Workers: 4
 Concurrent Workers: 1
 Concurrent Refinement Workers: 4
 Periodic GC: Disabled
Heap:
 garbage-first heap   total 78848K, used 64130K [0x00000007c0000000, 0x0000000800000000)
  region size 1024K, 32 young (32768K), 4 survivors (4096K)
 Metaspace       used 77833K, committed 78592K, reserved 1179648K
  class space    used 10776K, committed 11136K, reserved 1048576K
GC Heap History (20 events):
Event: 6.608 GC heap before
{Heap before GC invocations=6 (full 0):
 garbage-first heap   total 65536K, used 49816K [0x00000007c0000000, 0x0000000800000000)
  region size 1024K, 36 young (36864K), 2 survivors (2048K)
 Metaspace       used 26753K, committed 27200K, reserved 1114112K
  class space    used 3349K, committed 3520K, reserved 1048576K
}
Event: 6.617 GC heap after
{Heap after GC invocations=7 (full 0):
 garbage-first heap   total 65536K, used 18971K [0x00000007c0000000, 0x0000000800000000)
  region size 1024K, 5 young (5120K), 5 survivors (5120K)
 Metaspace       used 26753K, committed 27200K, reserved 1114112K
  class space    used 3349K, committed 3520K, reserved 1048576K
}
Event: 7.884 GC heap before
{Heap before GC invocations=7 (full 0):
 garbage-first heap   total 65536K, used 50715K [0x00000007c0000000, 0x0000000800000000)
  region size 1024K, 37 young (37888K), 5 survivors (5120K)
 Metaspace       used 31608K, committed 32128K, reserved 1114112K
  class space    used 4013K, committed 4224K, reserved 1048576K
}
Event: 7.896 GC heap after
{Heap after GC invocations=8 (full 0):
 garbage-first heap   total 65536K, used 21692K [0x00000007c0000000, 0x0000000800000000)
  region size 1024K, 3 young (3072K), 3 survivors (3072K)
 Metaspace       used 31608K, committed 32128K, reserved 1114112K
  class space    used 4013K, committed 4224K, reserved 1048576K
}
Event: 8.428 GC heap before
{Heap before GC invocations=8 (full 0):
 garbage-first heap   total 65536K, used 36028K [0x00000007c0000000, 0x0000000800000000)
  region size 1024K, 18 young (18432K), 3 survivors (3072K)
 Metaspace       used 35954K, committed 36416K, reserved 1114112K
  class space    used 4635K, committed 4864K, reserved 1048576K
}
Event: 8.437 GC heap after
{Heap after GC invocations=9 (full 0):
 garbage-first heap   total 65536K, used 22896K [0x00000007c0000000, 0x0000000800000000)
  region size 1024K, 2 young (2048K), 2 survivors (2048K)
 Metaspace       used 35954K, committed 36416K, reserved 1114112K
  class space    used 4635K, committed 4864K, reserved 1048576K
}
Event: 9.745 GC heap before
{Heap before GC invocations=10 (full 0):
 garbage-first heap   total 65536K, used 54640K [0x00000007c0000000, 0x0000000800000000)
  region size 1024K, 33 young (33792K), 2 survivors (2048K)
 Metaspace       used 44953K, committed 45504K, reserved 1114112K
  class space    used 5932K, committed 6208K, reserved 1048576K
}
Event: 9.757 GC heap after
{Heap after GC invocations=11 (full 0):
 garbage-first heap   total 65536K, used 24902K [0x00000007c0000000, 0x0000000800000000)
  region size 1024K, 4 young (4096K), 4 survivors (4096K)
 Metaspace       used 44953K, committed 45504K, reserved 1114112K
  class space    used 5932K, committed 6208K, reserved 1048576K
}
Event: 10.775 GC heap before
{Heap before GC invocations=11 (full 0):
 garbage-first heap   total 65536K, used 54598K [0x00000007c0000000, 0x0000000800000000)
  region size 1024K, 34 young (34816K), 4 survivors (4096K)
 Metaspace       used 53291K, committed 53824K, reserved 1114112K
  class space    used 7186K, committed 7424K, reserved 1048576K
}
Event: 10.785 GC heap after
{Heap after GC invocations=12 (full 0):
 garbage-first heap   total 65536K, used 26187K [0x00000007c0000000, 0x0000000800000000)
  region size 1024K, 4 young (4096K), 4 survivors (4096K)
 Metaspace       used 53291K, committed 53824K, reserved 1114112K
  class space    used 7186K, committed 7424K, reserved 1048576K
}
Event: 11.784 GC heap before
{Heap before GC invocations=12 (full 0):
 garbage-first heap   total 65536K, used 56907K [0x00000007c0000000, 0x0000000800000000)
  region size 1024K, 34 young (34816K), 4 survivors (4096K)
 Metaspace       used 60726K, committed 61312K, reserved 1114112K
  class space    used 8202K, committed 8448K, reserved 1048576K
}
Event: 11.798 GC heap after
{Heap after GC invocations=13 (full 0):
 garbage-first heap   total 65536K, used 28746K [0x00000007c0000000, 0x0000000800000000)
  region size 1024K, 4 young (4096K), 4 survivors (4096K)
 Metaspace       used 60726K, committed 61312K, reserved 1114112K
  class space    used 8202K, committed 8448K, reserved 1048576K
}
Event: 11.811 GC heap before
{Heap before GC invocations=13 (full 0):
 garbage-first heap   total 65536K, used 28746K [0x00000007c0000000, 0x0000000800000000)
  region size 1024K, 5 young (5120K), 4 survivors (4096K)
 Metaspace       used 60828K, committed 61376K, reserved 1114112K
  class space    used 8214K, committed 8448K, reserved 1048576K
}
Event: 11.817 GC heap after
{Heap after GC invocations=14 (full 0):
 garbage-first heap   total 78848K, used 29739K [0x00000007c0000000, 0x0000000800000000)
  region size 1024K, 1 young (1024K), 1 survivors (1024K)
 Metaspace       used 60828K, committed 61376K, reserved 1114112K
  class space    used 8214K, committed 8448K, reserved 1048576K
}
Event: 12.725 GC heap before
{Heap before GC invocations=15 (full 0):
 garbage-first heap   total 78848K, used 70699K [0x00000007c0000000, 0x0000000800000000)
  region size 1024K, 41 young (41984K), 1 survivors (1024K)
 Metaspace       used 65181K, committed 65792K, reserved 1114112K
  class space    used 9058K, committed 9344K, reserved 1048576K
}
Event: 12.733 GC heap after
{Heap after GC invocations=16 (full 0):
 garbage-first heap   total 78848K, used 32070K [0x00000007c0000000, 0x0000000800000000)
  region size 1024K, 3 young (3072K), 3 survivors (3072K)
 Metaspace       used 65181K, committed 65792K, reserved 1114112K
  class space    used 9058K, committed 9344K, reserved 1048576K
}
Event: 13.760 GC heap before
{Heap before GC invocations=16 (full 0):
 garbage-first heap   total 78848K, used 69958K [0x00000007c0000000, 0x0000000800000000)
  region size 1024K, 40 young (40960K), 3 survivors (3072K)
 Metaspace       used 68815K, committed 69504K, reserved 1114112K
  class space    used 9528K, committed 9856K, reserved 1048576K
}
Event: 13.778 GC heap after
{Heap after GC invocations=17 (full 0):
 garbage-first heap   total 78848K, used 34173K [0x00000007c0000000, 0x0000000800000000)
  region size 1024K, 3 young (3072K), 3 survivors (3072K)
 Metaspace       used 68815K, committed 69504K, reserved 1114112K
  class space    used 9528K, committed 9856K, reserved 1048576K
}
Event: 14.644 GC heap before
{Heap before GC invocations=17 (full 0):
 garbage-first heap   total 78848K, used 70013K [0x00000007c0000000, 0x0000000800000000)
  region size 1024K, 38 young (38912K), 3 survivors (3072K)
 Metaspace       used 71968K, committed 72704K, reserved 1114112K
  class space    used 9965K, committed 10304K, reserved 1048576K
}
Event: 14.661 GC heap after
{Heap after GC invocations=18 (full 0):
 garbage-first heap   total 78848K, used 37506K [0x00000007c0000000, 0x0000000800000000)
  region size 1024K, 4 young (4096K), 4 survivors (4096K)
 Metaspace       used 71968K, committed 72704K, reserved 1114112K
  class space    used 9965K, committed 10304K, reserved 1048576K
}

